Flow report for zegar
Wed Jun 24 14:13:43 2020
Quartus II 32-bit Version 12.0 Build 178 05/31/2012 SJ Web Edition


---------------------
; Table of Contents ;
---------------------
  1. Legal Notice
  2. Flow Summary
  3. Flow Settings
  4. Flow Non-Default Global Settings
  5. Flow Elapsed Time
  6. Flow OS Summary
  7. Flow Log



----------------
; Legal Notice ;
----------------
Copyright (C) 1991-2012 Altera Corporation
Your use of Altera Corporation's design tools, logic functions 
and other software and tools, and its AMPP partner logic 
functions, and any output files from any of the foregoing 
(including device programming or simulation files), and any 
associated documentation or information are expressly subject 
to the terms and conditions of the Altera Program License 
Subscription Agreement, Altera MegaCore Function License 
Agreement, or other applicable license agreement, including, 
without limitation, that your use is for the sole purpose of 
programming logic devices manufactured by Altera and sold by 
Altera or its authorized distributors.  Please refer to the 
applicable agreement for further details.



+-------------------------------------------------------------------------------+
; Flow Summary                                                                  ;
+------------------------------------+------------------------------------------+
; Flow Status                        ; Successful - Wed Jun 24 14:13:43 2020    ;
; Quartus II 32-bit Version          ; 12.0 Build 178 05/31/2012 SJ Web Edition ;
; Revision Name                      ; zegar                                    ;
; Top-level Entity Name              ; zegar                                    ;
; Family                             ; Cyclone II                               ;
; Device                             ; EP2C35F672C6                             ;
; Timing Models                      ; Final                                    ;
; Total logic elements               ; 37 / 33,216 ( < 1 % )                    ;
;     Total combinational functions  ; 37 / 33,216 ( < 1 % )                    ;
;     Dedicated logic registers      ; 26 / 33,216 ( < 1 % )                    ;
; Total registers                    ; 27                                       ;
; Total pins                         ; 2 / 475 ( < 1 % )                        ;
; Total virtual pins                 ; 0                                        ;
; Total memory bits                  ; 0 / 483,840 ( 0 % )                      ;
; Embedded Multiplier 9-bit elements ; 0 / 70 ( 0 % )                           ;
; Total PLLs                         ; 0 / 4 ( 0 % )                            ;
+------------------------------------+------------------------------------------+


+-----------------------------------------+
; Flow Settings                           ;
+-------------------+---------------------+
; Option            ; Setting             ;
+-------------------+---------------------+
; Start date & time ; 06/24/2020 14:13:32 ;
; Main task         ; Compilation         ;
; Revision Name     ; zegar               ;
+-------------------+---------------------+


+-----------------------------------------------------------------------------------------------------------------+
; Flow Non-Default Global Settings                                                                                ;
+-------------------------------------+--------------------------------+---------------+-------------+------------+
; Assignment Name                     ; Value                          ; Default Value ; Entity Name ; Section Id ;
+-------------------------------------+--------------------------------+---------------+-------------+------------+
; COMPILER_SIGNATURE_ID               ; 93441606628110.159303321205404 ; --            ; --          ; --         ;
; IP_TOOL_NAME                        ; LPM_COUNTER                    ; --            ; --          ; --         ;
; IP_TOOL_VERSION                     ; 12.0                           ; --            ; --          ; --         ;
; MAX_CORE_JUNCTION_TEMP              ; 85                             ; --            ; --          ; --         ;
; MIN_CORE_JUNCTION_TEMP              ; 0                              ; --            ; --          ; --         ;
; MISC_FILE                           ; lpm_counter0.bsf               ; --            ; --          ; --         ;
; MISC_FILE                           ; lpm_counter0.cmp               ; --            ; --          ; --         ;
; PARTITION_COLOR                     ; 2147039                        ; --            ; --          ; Top        ;
; PARTITION_FITTER_PRESERVATION_LEVEL ; PLACEMENT_AND_ROUTING          ; --            ; --          ; Top        ;
; PARTITION_NETLIST_TYPE              ; SOURCE                         ; --            ; --          ; Top        ;
+-------------------------------------+--------------------------------+---------------+-------------+------------+


+-------------------------------------------------------------------------------------------------------------------------------+
; Flow Elapsed Time                                                                                                             ;
+---------------------------+--------------+-------------------------+---------------------+------------------------------------+
; Module Name               ; Elapsed Time ; Average Processors Used ; Peak Virtual Memory ; Total CPU Time (on all processors) ;
+---------------------------+--------------+-------------------------+---------------------+------------------------------------+
; Analysis & Synthesis      ; 00:00:02     ; 1.0                     ; 355 MB              ; 00:00:01                           ;
; Fitter                    ; 00:00:05     ; 1.0                     ; 440 MB              ; 00:00:06                           ;
; TimeQuest Timing Analyzer ; 00:00:02     ; 1.0                     ; 317 MB              ; 00:00:01                           ;
; Assembler                 ; 00:00:03     ; 1.0                     ; 342 MB              ; 00:00:03                           ;
; Total                     ; 00:00:12     ; --                      ; --                  ; 00:00:11                           ;
+---------------------------+--------------+-------------------------+---------------------+------------------------------------+


+----------------------------------------------------------------------------------------+
; Flow OS Summary                                                                        ;
+---------------------------+------------------+-----------+------------+----------------+
; Module Name               ; Machine Hostname ; OS Name   ; OS Version ; Processor type ;
+---------------------------+------------------+-----------+------------+----------------+
; Analysis & Synthesis      ; hoefliger-dev    ; Windows 7 ; 6.2        ; x86_64         ;
; Fitter                    ; hoefliger-dev    ; Windows 7 ; 6.2        ; x86_64         ;
; TimeQuest Timing Analyzer ; hoefliger-dev    ; Windows 7 ; 6.2        ; x86_64         ;
; Assembler                 ; hoefliger-dev    ; Windows 7 ; 6.2        ; x86_64         ;
+---------------------------+------------------+-----------+------------+----------------+


------------
; Flow Log ;
------------
quartus_map --read_settings_files=on --write_settings_files=off zegar -c zegar
quartus_fit --read_settings_files=off --write_settings_files=off zegar -c zegar
quartus_sta zegar -c zegar
quartus_asm --read_settings_files=off --write_settings_files=off zegar -c zegar



